{"C:\\Users\\andre\\.src\\repository\\EPITECH\\PROJET\\T-JSF-600-PAR_24\\backend\\config\\db.js": {"path":"C:\\Users\\andre\\.src\\repository\\EPITECH\\PROJET\\T-JSF-600-PAR_24\\backend\\config\\db.js","statementMap":{"0":{"start":{"line":1,"column":17},"end":{"line":1,"column":36}},"1":{"start":{"line":3,"column":18},"end":{"line":14,"column":1}},"2":{"start":{"line":4,"column":2},"end":{"line":13,"column":3}},"3":{"start":{"line":5,"column":4},"end":{"line":8,"column":7}},"4":{"start":{"line":9,"column":4},"end":{"line":9,"column":37}},"5":{"start":{"line":11,"column":4},"end":{"line":11,"column":67}},"6":{"start":{"line":12,"column":4},"end":{"line":12,"column":16}},"7":{"start":{"line":16,"column":0},"end":{"line":16,"column":27}}},"fnMap":{"0":{"name":"(anonymous_0)","decl":{"start":{"line":3,"column":18},"end":{"line":3,"column":19}},"loc":{"start":{"line":3,"column":30},"end":{"line":14,"column":1}},"line":3}},"branchMap":{},"s":{"0":1,"1":1,"2":1,"3":1,"4":0,"5":1,"6":1,"7":1},"f":{"0":1},"b":{},"_coverageSchema":"1a1c01bbd47fc00a2c39e90264f33305004495a9","hash":"bdf44dea57dbc1ddbaf6cce8e219556d5fddc60e"}
,"C:\\Users\\andre\\.src\\repository\\EPITECH\\PROJET\\T-JSF-600-PAR_24\\backend\\models\\Channel.js": {"path":"C:\\Users\\andre\\.src\\repository\\EPITECH\\PROJET\\T-JSF-600-PAR_24\\backend\\models\\Channel.js","statementMap":{"0":{"start":{"line":1,"column":17},"end":{"line":1,"column":36}},"1":{"start":{"line":3,"column":22},"end":{"line":17,"column":1}},"2":{"start":{"line":19,"column":0},"end":{"line":19,"column":58}}},"fnMap":{},"branchMap":{},"s":{"0":1,"1":1,"2":1},"f":{},"b":{},"_coverageSchema":"1a1c01bbd47fc00a2c39e90264f33305004495a9","hash":"6282eb44b40a70fd00fe36189c6ddd7f2117d7ca"}
,"C:\\Users\\andre\\.src\\repository\\EPITECH\\PROJET\\T-JSF-600-PAR_24\\backend\\models\\Message.js": {"path":"C:\\Users\\andre\\.src\\repository\\EPITECH\\PROJET\\T-JSF-600-PAR_24\\backend\\models\\Message.js","statementMap":{"0":{"start":{"line":1,"column":17},"end":{"line":1,"column":36}},"1":{"start":{"line":3,"column":22},"end":{"line":21,"column":1}},"2":{"start":{"line":23,"column":0},"end":{"line":23,"column":58}}},"fnMap":{},"branchMap":{},"s":{"0":1,"1":1,"2":1},"f":{},"b":{},"_coverageSchema":"1a1c01bbd47fc00a2c39e90264f33305004495a9","hash":"99f3eda51a97fd1ff0f4f99ab29dbe7acf7e1aaa"}
,"C:\\Users\\andre\\.src\\repository\\EPITECH\\PROJET\\T-JSF-600-PAR_24\\backend\\models\\User.js": {"path":"C:\\Users\\andre\\.src\\repository\\EPITECH\\PROJET\\T-JSF-600-PAR_24\\backend\\models\\User.js","statementMap":{"0":{"start":{"line":1,"column":17},"end":{"line":1,"column":36}},"1":{"start":{"line":3,"column":19},"end":{"line":17,"column":1}},"2":{"start":{"line":19,"column":0},"end":{"line":19,"column":52}}},"fnMap":{},"branchMap":{},"s":{"0":1,"1":1,"2":1},"f":{},"b":{},"_coverageSchema":"1a1c01bbd47fc00a2c39e90264f33305004495a9","hash":"d6ddb15199afd11cd68ce12d36b08870162da8b8"}
,"C:\\Users\\andre\\.src\\repository\\EPITECH\\PROJET\\T-JSF-600-PAR_24\\backend\\socketHandlers\\channelHandlers.js": {"path":"C:\\Users\\andre\\.src\\repository\\EPITECH\\PROJET\\T-JSF-600-PAR_24\\backend\\socketHandlers\\channelHandlers.js","statementMap":{"0":{"start":{"line":1,"column":16},"end":{"line":1,"column":44}},"1":{"start":{"line":7,"column":21},"end":{"line":15,"column":1}},"2":{"start":{"line":8,"column":2},"end":{"line":14,"column":3}},"3":{"start":{"line":9,"column":21},"end":{"line":9,"column":41}},"4":{"start":{"line":10,"column":4},"end":{"line":10,"column":35}},"5":{"start":{"line":12,"column":4},"end":{"line":12,"column":74}},"6":{"start":{"line":13,"column":4},"end":{"line":13,"column":54}},"7":{"start":{"line":20,"column":20},"end":{"line":51,"column":1}},"8":{"start":{"line":22,"column":2},"end":{"line":22,"column":39}},"9":{"start":{"line":23,"column":2},"end":{"line":50,"column":3}},"10":{"start":{"line":24,"column":28},"end":{"line":24,"column":68}},"11":{"start":{"line":25,"column":4},"end":{"line":29,"column":5}},"12":{"start":{"line":26,"column":6},"end":{"line":26,"column":63}},"13":{"start":{"line":27,"column":6},"end":{"line":27,"column":63}},"14":{"start":{"line":28,"column":6},"end":{"line":28,"column":13}},"15":{"start":{"line":31,"column":4},"end":{"line":34,"column":5}},"16":{"start":{"line":32,"column":6},"end":{"line":32,"column":50}},"17":{"start":{"line":33,"column":6},"end":{"line":33,"column":35}},"18":{"start":{"line":36,"column":4},"end":{"line":36,"column":25}},"19":{"start":{"line":37,"column":4},"end":{"line":37,"column":88}},"20":{"start":{"line":39,"column":4},"end":{"line":39,"column":42}},"21":{"start":{"line":41,"column":4},"end":{"line":46,"column":7}},"22":{"start":{"line":49,"column":4},"end":{"line":49,"column":69}},"23":{"start":{"line":57,"column":21},"end":{"line":81,"column":1}},"24":{"start":{"line":58,"column":2},"end":{"line":80,"column":3}},"25":{"start":{"line":59,"column":28},"end":{"line":59,"column":68}},"26":{"start":{"line":60,"column":4},"end":{"line":63,"column":5}},"27":{"start":{"line":61,"column":6},"end":{"line":61,"column":63}},"28":{"start":{"line":62,"column":6},"end":{"line":62,"column":13}},"29":{"start":{"line":65,"column":4},"end":{"line":65,"column":93}},"30":{"start":{"line":65,"column":67},"end":{"line":65,"column":91}},"31":{"start":{"line":66,"column":4},"end":{"line":66,"column":33}},"32":{"start":{"line":67,"column":24},"end":{"line":67,"column":31}},"33":{"start":{"line":68,"column":4},"end":{"line":68,"column":26}},"34":{"start":{"line":69,"column":4},"end":{"line":69,"column":43}},"35":{"start":{"line":70,"column":4},"end":{"line":75,"column":7}},"36":{"start":{"line":79,"column":4},"end":{"line":79,"column":71}},"37":{"start":{"line":85,"column":22},"end":{"line":110,"column":1}},"38":{"start":{"line":86,"column":2},"end":{"line":109,"column":3}},"39":{"start":{"line":87,"column":4},"end":{"line":90,"column":5}},"40":{"start":{"line":88,"column":6},"end":{"line":88,"column":55}},"41":{"start":{"line":89,"column":6},"end":{"line":89,"column":13}},"42":{"start":{"line":92,"column":28},"end":{"line":92,"column":59}},"43":{"start":{"line":93,"column":4},"end":{"line":96,"column":5}},"44":{"start":{"line":94,"column":6},"end":{"line":94,"column":54}},"45":{"start":{"line":95,"column":6},"end":{"line":95,"column":13}},"46":{"start":{"line":98,"column":23},"end":{"line":98,"column":44}},"47":{"start":{"line":99,"column":4},"end":{"line":99,"column":28}},"48":{"start":{"line":101,"column":4},"end":{"line":101,"column":68}},"49":{"start":{"line":102,"column":4},"end":{"line":105,"column":7}},"50":{"start":{"line":107,"column":4},"end":{"line":107,"column":68}},"51":{"start":{"line":108,"column":4},"end":{"line":108,"column":67}},"52":{"start":{"line":115,"column":22},"end":{"line":145,"column":1}},"53":{"start":{"line":116,"column":2},"end":{"line":144,"column":3}},"54":{"start":{"line":117,"column":20},"end":{"line":117,"column":60}},"55":{"start":{"line":118,"column":4},"end":{"line":126,"column":5}},"56":{"start":{"line":119,"column":6},"end":{"line":124,"column":9}},"57":{"start":{"line":125,"column":6},"end":{"line":125,"column":13}},"58":{"start":{"line":128,"column":4},"end":{"line":128,"column":40}},"59":{"start":{"line":130,"column":4},"end":{"line":135,"column":7}},"60":{"start":{"line":137,"column":4},"end":{"line":137,"column":69}},"61":{"start":{"line":138,"column":4},"end":{"line":143,"column":7}},"62":{"start":{"line":149,"column":27},"end":{"line":181,"column":1}},"63":{"start":{"line":150,"column":2},"end":{"line":180,"column":3}},"64":{"start":{"line":152,"column":17},"end":{"line":152,"column":54}},"65":{"start":{"line":155,"column":4},"end":{"line":158,"column":5}},"66":{"start":{"line":156,"column":6},"end":{"line":156,"column":68}},"67":{"start":{"line":157,"column":6},"end":{"line":157,"column":13}},"68":{"start":{"line":161,"column":18},"end":{"line":164,"column":6}},"69":{"start":{"line":162,"column":25},"end":{"line":162,"column":57}},"70":{"start":{"line":163,"column":6},"end":{"line":163,"column":47}},"71":{"start":{"line":167,"column":4},"end":{"line":172,"column":7}},"72":{"start":{"line":175,"column":4},"end":{"line":175,"column":17}},"73":{"start":{"line":177,"column":4},"end":{"line":177,"column":78}},"74":{"start":{"line":178,"column":4},"end":{"line":178,"column":77}},"75":{"start":{"line":179,"column":4},"end":{"line":179,"column":14}},"76":{"start":{"line":183,"column":22},"end":{"line":203,"column":1}},"77":{"start":{"line":184,"column":2},"end":{"line":202,"column":3}},"78":{"start":{"line":185,"column":20},"end":{"line":185,"column":60}},"79":{"start":{"line":186,"column":4},"end":{"line":189,"column":5}},"80":{"start":{"line":187,"column":6},"end":{"line":187,"column":50}},"81":{"start":{"line":188,"column":6},"end":{"line":188,"column":13}},"82":{"start":{"line":191,"column":4},"end":{"line":191,"column":27}},"83":{"start":{"line":192,"column":4},"end":{"line":192,"column":25}},"84":{"start":{"line":194,"column":4},"end":{"line":194,"column":39}},"85":{"start":{"line":195,"column":4},"end":{"line":198,"column":7}},"86":{"start":{"line":200,"column":4},"end":{"line":200,"column":66}},"87":{"start":{"line":201,"column":4},"end":{"line":201,"column":65}},"88":{"start":{"line":205,"column":0},"end":{"line":213,"column":2}}},"fnMap":{"0":{"name":"(anonymous_0)","decl":{"start":{"line":7,"column":21},"end":{"line":7,"column":22}},"loc":{"start":{"line":7,"column":41},"end":{"line":15,"column":1}},"line":7},"1":{"name":"(anonymous_1)","decl":{"start":{"line":20,"column":20},"end":{"line":20,"column":21}},"loc":{"start":{"line":20,"column":55},"end":{"line":51,"column":1}},"line":20},"2":{"name":"(anonymous_2)","decl":{"start":{"line":57,"column":21},"end":{"line":57,"column":22}},"loc":{"start":{"line":57,"column":56},"end":{"line":81,"column":1}},"line":57},"3":{"name":"(anonymous_3)","decl":{"start":{"line":65,"column":57},"end":{"line":65,"column":58}},"loc":{"start":{"line":65,"column":67},"end":{"line":65,"column":91}},"line":65},"4":{"name":"(anonymous_4)","decl":{"start":{"line":85,"column":22},"end":{"line":85,"column":23}},"loc":{"start":{"line":85,"column":54},"end":{"line":110,"column":1}},"line":85},"5":{"name":"(anonymous_5)","decl":{"start":{"line":115,"column":22},"end":{"line":115,"column":23}},"loc":{"start":{"line":115,"column":54},"end":{"line":145,"column":1}},"line":115},"6":{"name":"(anonymous_6)","decl":{"start":{"line":149,"column":27},"end":{"line":149,"column":28}},"loc":{"start":{"line":149,"column":62},"end":{"line":181,"column":1}},"line":149},"7":{"name":"(anonymous_7)","decl":{"start":{"line":161,"column":39},"end":{"line":161,"column":40}},"loc":{"start":{"line":161,"column":53},"end":{"line":164,"column":5}},"line":161},"8":{"name":"(anonymous_8)","decl":{"start":{"line":183,"column":22},"end":{"line":183,"column":23}},"loc":{"start":{"line":183,"column":66},"end":{"line":203,"column":1}},"line":183}},"branchMap":{"0":{"loc":{"start":{"line":25,"column":4},"end":{"line":29,"column":5}},"type":"if","locations":[{"start":{"line":25,"column":4},"end":{"line":29,"column":5}},{"start":{},"end":{}}],"line":25},"1":{"loc":{"start":{"line":31,"column":4},"end":{"line":34,"column":5}},"type":"if","locations":[{"start":{"line":31,"column":4},"end":{"line":34,"column":5}},{"start":{},"end":{}}],"line":31},"2":{"loc":{"start":{"line":60,"column":4},"end":{"line":63,"column":5}},"type":"if","locations":[{"start":{"line":60,"column":4},"end":{"line":63,"column":5}},{"start":{},"end":{}}],"line":60},"3":{"loc":{"start":{"line":87,"column":4},"end":{"line":90,"column":5}},"type":"if","locations":[{"start":{"line":87,"column":4},"end":{"line":90,"column":5}},{"start":{},"end":{}}],"line":87},"4":{"loc":{"start":{"line":87,"column":8},"end":{"line":87,"column":35}},"type":"binary-expr","locations":[{"start":{"line":87,"column":8},"end":{"line":87,"column":13}},{"start":{"line":87,"column":17},"end":{"line":87,"column":35}}],"line":87},"5":{"loc":{"start":{"line":93,"column":4},"end":{"line":96,"column":5}},"type":"if","locations":[{"start":{"line":93,"column":4},"end":{"line":96,"column":5}},{"start":{},"end":{}}],"line":93},"6":{"loc":{"start":{"line":118,"column":4},"end":{"line":126,"column":5}},"type":"if","locations":[{"start":{"line":118,"column":4},"end":{"line":126,"column":5}},{"start":{},"end":{}}],"line":118},"7":{"loc":{"start":{"line":155,"column":4},"end":{"line":158,"column":5}},"type":"if","locations":[{"start":{"line":155,"column":4},"end":{"line":158,"column":5}},{"start":{},"end":{}}],"line":155},"8":{"loc":{"start":{"line":163,"column":13},"end":{"line":163,"column":46}},"type":"binary-expr","locations":[{"start":{"line":163,"column":13},"end":{"line":163,"column":33}},{"start":{"line":163,"column":37},"end":{"line":163,"column":46}}],"line":163},"9":{"loc":{"start":{"line":186,"column":4},"end":{"line":189,"column":5}},"type":"if","locations":[{"start":{"line":186,"column":4},"end":{"line":189,"column":5}},{"start":{},"end":{}}],"line":186}},"s":{"0":1,"1":1,"2":0,"3":0,"4":0,"5":0,"6":0,"7":1,"8":0,"9":0,"10":0,"11":0,"12":0,"13":0,"14":0,"15":0,"16":0,"17":0,"18":0,"19":0,"20":0,"21":0,"22":0,"23":1,"24":0,"25":0,"26":0,"27":0,"28":0,"29":0,"30":0,"31":0,"32":0,"33":0,"34":0,"35":0,"36":0,"37":1,"38":0,"39":0,"40":0,"41":0,"42":0,"43":0,"44":0,"45":0,"46":0,"47":0,"48":0,"49":0,"50":0,"51":0,"52":1,"53":0,"54":0,"55":0,"56":0,"57":0,"58":0,"59":0,"60":0,"61":0,"62":1,"63":0,"64":0,"65":0,"66":0,"67":0,"68":0,"69":0,"70":0,"71":0,"72":0,"73":0,"74":0,"75":0,"76":1,"77":0,"78":0,"79":0,"80":0,"81":0,"82":0,"83":0,"84":0,"85":0,"86":0,"87":0,"88":1},"f":{"0":0,"1":0,"2":0,"3":0,"4":0,"5":0,"6":0,"7":0,"8":0},"b":{"0":[0,0],"1":[0,0],"2":[0,0],"3":[0,0],"4":[0,0],"5":[0,0],"6":[0,0],"7":[0,0],"8":[0,0],"9":[0,0]},"_coverageSchema":"1a1c01bbd47fc00a2c39e90264f33305004495a9","hash":"e9ed7d78e4c2d08a035faf62c038252818f00e3c"}
,"C:\\Users\\andre\\.src\\repository\\EPITECH\\PROJET\\T-JSF-600-PAR_24\\backend\\socketHandlers\\userHandlers.js": {"path":"C:\\Users\\andre\\.src\\repository\\EPITECH\\PROJET\\T-JSF-600-PAR_24\\backend\\socketHandlers\\userHandlers.js","statementMap":{"0":{"start":{"line":1,"column":13},"end":{"line":1,"column":38}},"1":{"start":{"line":2,"column":16},"end":{"line":2,"column":44}},"2":{"start":{"line":4,"column":23},"end":{"line":4,"column":32}},"3":{"start":{"line":6,"column":20},"end":{"line":46,"column":1}},"4":{"start":{"line":7,"column":2},"end":{"line":10,"column":3}},"5":{"start":{"line":8,"column":4},"end":{"line":8,"column":57}},"6":{"start":{"line":9,"column":4},"end":{"line":9,"column":11}},"7":{"start":{"line":12,"column":22},"end":{"line":12,"column":50}},"8":{"start":{"line":13,"column":2},"end":{"line":13,"column":36}},"9":{"start":{"line":15,"column":2},"end":{"line":15,"column":87}},"10":{"start":{"line":17,"column":2},"end":{"line":26,"column":3}},"11":{"start":{"line":18,"column":4},"end":{"line":22,"column":6}},"12":{"start":{"line":23,"column":4},"end":{"line":23,"column":76}},"13":{"start":{"line":25,"column":4},"end":{"line":25,"column":79}},"14":{"start":{"line":27,"column":2},"end":{"line":34,"column":3}},"15":{"start":{"line":28,"column":4},"end":{"line":31,"column":6}},"16":{"start":{"line":33,"column":4},"end":{"line":33,"column":84}},"17":{"start":{"line":37,"column":2},"end":{"line":41,"column":5}},"18":{"start":{"line":45,"column":2},"end":{"line":45,"column":82}},"19":{"start":{"line":48,"column":27},"end":{"line":52,"column":1}},"20":{"start":{"line":49,"column":2},"end":{"line":51,"column":3}},"21":{"start":{"line":50,"column":4},"end":{"line":50,"column":58}},"22":{"start":{"line":55,"column":23},"end":{"line":58,"column":1}},"23":{"start":{"line":56,"column":2},"end":{"line":56,"column":74}},"24":{"start":{"line":57,"column":2},"end":{"line":57,"column":35}},"25":{"start":{"line":60,"column":22},"end":{"line":67,"column":1}},"26":{"start":{"line":61,"column":2},"end":{"line":65,"column":3}},"27":{"start":{"line":62,"column":4},"end":{"line":64,"column":5}},"28":{"start":{"line":63,"column":6},"end":{"line":63,"column":29}},"29":{"start":{"line":66,"column":2},"end":{"line":66,"column":14}},"30":{"start":{"line":69,"column":0},"end":{"line":75,"column":2}}},"fnMap":{"0":{"name":"(anonymous_0)","decl":{"start":{"line":6,"column":20},"end":{"line":6,"column":21}},"loc":{"start":{"line":6,"column":48},"end":{"line":46,"column":1}},"line":6},"1":{"name":"(anonymous_1)","decl":{"start":{"line":48,"column":27},"end":{"line":48,"column":28}},"loc":{"start":{"line":48,"column":39},"end":{"line":52,"column":1}},"line":48},"2":{"name":"(anonymous_2)","decl":{"start":{"line":55,"column":23},"end":{"line":55,"column":24}},"loc":{"start":{"line":55,"column":35},"end":{"line":58,"column":1}},"line":55},"3":{"name":"(anonymous_3)","decl":{"start":{"line":60,"column":22},"end":{"line":60,"column":23}},"loc":{"start":{"line":60,"column":36},"end":{"line":67,"column":1}},"line":60}},"branchMap":{"0":{"loc":{"start":{"line":7,"column":2},"end":{"line":10,"column":3}},"type":"if","locations":[{"start":{"line":7,"column":2},"end":{"line":10,"column":3}},{"start":{},"end":{}}],"line":7},"1":{"loc":{"start":{"line":7,"column":6},"end":{"line":7,"column":41}},"type":"binary-expr","locations":[{"start":{"line":7,"column":6},"end":{"line":7,"column":15}},{"start":{"line":7,"column":19},"end":{"line":7,"column":41}}],"line":7},"2":{"loc":{"start":{"line":12,"column":22},"end":{"line":12,"column":50}},"type":"binary-expr","locations":[{"start":{"line":12,"column":22},"end":{"line":12,"column":37}},{"start":{"line":12,"column":41},"end":{"line":12,"column":50}}],"line":12},"3":{"loc":{"start":{"line":49,"column":2},"end":{"line":51,"column":3}},"type":"if","locations":[{"start":{"line":49,"column":2},"end":{"line":51,"column":3}},{"start":{},"end":{}}],"line":49},"4":{"loc":{"start":{"line":56,"column":42},"end":{"line":56,"column":70}},"type":"binary-expr","locations":[{"start":{"line":56,"column":42},"end":{"line":56,"column":57}},{"start":{"line":56,"column":61},"end":{"line":56,"column":70}}],"line":56},"5":{"loc":{"start":{"line":62,"column":4},"end":{"line":64,"column":5}},"type":"if","locations":[{"start":{"line":62,"column":4},"end":{"line":64,"column":5}},{"start":{},"end":{}}],"line":62}},"s":{"0":1,"1":1,"2":1,"3":1,"4":0,"5":0,"6":0,"7":0,"8":0,"9":0,"10":0,"11":0,"12":0,"13":0,"14":0,"15":0,"16":0,"17":0,"18":0,"19":1,"20":0,"21":0,"22":1,"23":0,"24":0,"25":1,"26":0,"27":0,"28":0,"29":0,"30":1},"f":{"0":0,"1":0,"2":0,"3":0},"b":{"0":[0,0],"1":[0,0],"2":[0,0],"3":[0,0],"4":[0,0],"5":[0,0]},"_coverageSchema":"1a1c01bbd47fc00a2c39e90264f33305004495a9","hash":"645fc1dc256f8a874cc4d95831ef8684fe5bdb48"}
}
